<?xml version="1.0" encoding="UTF-8"?>
<!-- Generated by org.testng.reporters.JUnitXMLReporter -->
<testsuite hostname="DESKTOP-GOPHRU3" ignored="0" name="用户管理系统测试用例" tests="7" failures="1" timestamp="30 十一月 2018 16:05:47 GMT" time="13.759" errors="0">
  <testcase name="loginTrue" time="3.036" classname="com.gugr.cases.LoginTest"/>
  <testcase name="loginFalse" time="0.084" classname="com.gugr.cases.LoginTest"/>
  <testcase name="addUser" time="3.093" classname="com.gugr.cases.AddUserTest">
    <failure type="org.apache.ibatis.exceptions.TooManyResultsException" message="Expected one result (or null) to be returned by selectOne(), but found: 3">
      <![CDATA[org.apache.ibatis.exceptions.TooManyResultsException: Expected one result (or null) to be returned by selectOne(), but found: 3
	at org.apache.ibatis.session.defaults.DefaultSqlSession.selectOne(DefaultSqlSession.java:81)
	at com.gugr.cases.AddUserTest.addUser(AddUserTest.java:34)
... Removed 25 stack frames]]>
    </failure>
  </testcase> <!-- addUser -->
  <testcase name="getUserInfo" time="2.074" classname="com.gugr.cases.GetUserInfoTest"/>
  <testcase name="updateUserInfo" time="3.092" classname="com.gugr.cases.UpdateUserInfoTest"/>
  <testcase name="deleteUser" time="0.074" classname="com.gugr.cases.UpdateUserInfoTest"/>
  <testcase name="getUserListInfo" time="2.067" classname="com.gugr.cases.GetUserInfoListTest"/>
</testsuite> <!-- 用户管理系统测试用例 -->
